<?xml version="1.0" encoding="UTF-8"?>
<!-- Generated by org.testng.reporters.JUnitXMLReporter -->
<testsuite hostname="HIBAIL55565" ignored="0" name="Zoopla Web App Automation Tests" tests="5" failures="0" timestamp="19 Sep 2019 10:48:20 GMT" time="188.112" errors="0">
  <testcase name="verifyPropertyForSalePageBasedOnLocationTest" time="4.628" classname="com.zoopla.qa.testcases.HomePageTest"/>
  <testcase name="verifyZooplaHomePageTitle" time="0.065" classname="com.zoopla.qa.testcases.HomePageTest"/>
  <testcase name="verifyToSortThePropertyPriceListInDescendingOrderTest" time="3.871" classname="com.zoopla.qa.testcases.PropertyForSalePageTest"/>
  <testcase name="verifyToGetAgentDetailsPageTest" time="0.328" classname="com.zoopla.qa.testcases.PropertyDetailPageTest"/>
  <testcase name="verifyAgentNameTest" time="7.507" classname="com.zoopla.qa.testcases.AgentDetailPageTest"/>
</testsuite> <!-- Zoopla Web App Automation Tests -->
